 ###### This is and output for EPT from Gaussian #################
 
 Range of M.O.s used for correlation:     2    92
 NBasis=    92 NAE=     5 NBE=     5 NFC=     1 NFV=     0
 NROrb=     91 NOA=     4 NOB=     4 NVA=    87 NVB=    87

 

 **********************************************************************

            Population analysis using the SCF Density.

 **********************************************************************

 Alpha  occ. eigenvalues --  -20.56134  -1.35916  -0.72422  -0.58985  -0.51322
 Alpha virt. eigenvalues --    0.02927   0.04772   0.13557   0.15789   0.17380
 Alpha virt. eigenvalues --    0.18235   0.22676   0.24466   0.26488   0.30043
 Alpha virt. eigenvalues --    0.30962   0.36583   0.43700   0.46509   0.59674
 Alpha virt. eigenvalues --    0.65662   0.70525   0.71991   0.72840   0.82948
 Alpha virt. eigenvalues --    0.84565   0.88791   0.91206   0.91599   0.92184
 Alpha virt. eigenvalues --    0.93014   0.96082   1.02171   1.04282   1.08135
 Alpha virt. eigenvalues --    1.10846   1.17598   1.18153   1.25656   1.50897
 Alpha virt. eigenvalues --    1.53468   1.58356   1.79838   1.81833   1.98701
 Alpha virt. eigenvalues --    2.11611   2.25646   2.31014   2.31945   2.41343
 Alpha virt. eigenvalues --    2.41467   2.43649   2.47323   2.67010   2.69142
 Alpha virt. eigenvalues --    2.76887   2.81460   2.88070   3.65371   3.74511
 Alpha virt. eigenvalues --    4.01565   4.08359   4.16687   4.24764   4.28984
 Alpha virt. eigenvalues --    4.37438   4.37611   4.40437   4.51389   4.72366
 Alpha virt. eigenvalues --    4.84754   5.14754   5.15409   5.25641   5.33407
 Alpha virt. eigenvalues --    5.52606   5.66699   6.17403   6.50683   6.70115
 Alpha virt. eigenvalues --    6.89229   7.12690   7.24751   7.30848   7.30964
 Alpha virt. eigenvalues --    7.31824   7.35094   7.53753   7.90142   7.92469
 Alpha virt. eigenvalues --    8.81141  15.83465
          Condensed to atoms (all electrons):
               1          2          3
     1  H    0.489180   0.280182   0.016249
     2  O    0.280182   7.868414   0.280182
     3  H    0.016249   0.280182   0.489180
 Mulliken charges:
               1
     1  H    0.214389
     2  O   -0.428777
     3  H    0.214389
 Sum of Mulliken charges =  -0.00000
 Mulliken charges with hydrogens summed into heavy atoms:
               1
     2  O   -0.000000
 Electronic spatial extent (au):  <R**2>=             49.4035
 Charge=             -0.0000 electrons
 Dipole moment (field-independent basis, Debye):
    X=              1.4810    Y=              0.0000    Z=             -1.1463  Tot=              1.8727
 Quadrupole moment (field-independent basis, Debye-Ang):
   XX=             -5.3539   YY=             -7.7268   ZZ=             -7.1536
   XY=              0.0000   XZ=              2.1796   YZ=              0.0000
 Traceless Quadrupole moment (field-independent basis, Debye-Ang):
   XX=              1.3909   YY=             -0.9820   ZZ=             -0.4088
   XY=              0.0000   XZ=              2.1796   YZ=              0.0000
 Octapole moment (field-independent basis, Debye-Ang**2):
  XXX=              0.1478  YYY=             -0.0000  ZZZ=            -18.0656  XYY=             -0.5577
  XXY=              0.0000  XXZ=             -4.2320  XZZ=              2.3856  YZZ=              0.0000
  YYZ=             -6.9644  XYZ=             -0.0000
 Hexadecapole moment (field-independent basis, Debye-Ang**3):
 XXXX=             -6.3914 YYYY=             -7.3689 ZZZZ=            -39.8943 XXXY=              0.0000
 XXXZ=              0.7028 YYYX=              0.0000 YYYZ=             -0.0000 ZZZX=              2.2956
 ZZZY=              0.0000 XXYY=             -2.6178 XXZZ=             -5.7757 YYZZ=             -8.8695
 XXYZ=              0.0000 YYXZ=             -0.5309 ZZXY=             -0.0000
 N-N= 9.194964854506D+00 E-N=-1.990805772236D+02  KE= 7.606869440836D+01
 ExpMin= 2.53D-02 ExpMax= 1.53D+04 ExpMxC= 5.22D+02 IAcc=3 IRadAn=         5 AccDes= 0.00D+00
 HarFok:  IExCor=  205 AccDes= 0.00D+00 IRadAn=         5 IDoV=-2 UseB2=F ITyADJ=14
 ICtDFT= 12500011 ScaDFX=  1.000000  1.000000  1.000000  1.000000
 Range of M.O.s used for correlation:     2    92
 NBasis=    92 NAE=     5 NBE=     5 NFC=     1 NFV=     0
 NROrb=     91 NOA=     4 NOB=     4 NVA=    87 NVB=    87

 INDEX OF SPIN-ORBITAL:  6
 SPIN-ORBITAL ENERGY = 0.4772134871D-01
 FIRST GUESS = 0.4772134871D-01
   Dyson0 ISpect =     548
 POLE CONTRIBUTION TO TOTAL ENERGY =    -0.6318405191D+00
 FDA KINETIC ENERGY                =     0.7196714667D-01
 FDA NUCLEAR ATTRACTION ENERGY     =    -0.1383369534D+01
 DYSON0 FINISHED
   Entering GES0
 GES0: Input Indices:  6  0  0
 
 Dimension =  5 eold=   0.04542 enew=   0.04542 detest= 0.51D-06
 CONVERGED POLE  1 =    0.0454176531 a.u. =    1.236 eV
 POLE STRENGTH  =       0.9971158017
 FEYNMAN-DYSON AMPLITUDES IN M.O. BASIS: 
                                           1    0.4696500379D-14
                                           2   -0.1644581010D-02
                                           3   -0.3459670044D-14
                                           4    0.6215480427D-14
                                           5   -0.5613844384D-14
                                           6    0.9994913328D+00
                                           7    0.2930716447D-14
                                           8    0.9551313949D-14
                                           9    0.2611051542D-14
                                          10   -0.2812487645D-01
                                          11   -0.1169090310D-01
                                          12    0.3270198291D-15
                                          13    0.1965456787D-14
                                          14   -0.3257779827D-14
                                          15    0.2863251510D-16
                                          16   -0.1923977079D-02
                                          17   -0.4910433513D-14
                                          18    0.8648617923D-02
                                          19   -0.3877354920D-03
                                          20   -0.3049805928D-15
                                          21    0.4337430591D-15
                                          22   -0.4567149673D-15
                                          23   -0.4220281417D-15
                                          24   -0.2127385858D-16
                                          25    0.1796851951D-14
                                          26   -0.2630419006D-15
                                          27    0.5646005433D-03
                                          28    0.3489027639D-16
                                          29    0.8724591332D-15
                                          30   -0.1410686905D-02
                                          31    0.4143164202D-15
                                          32    0.2103279103D-14
                                          33   -0.1813301313D-02
                                          34   -0.1649561055D-14
                                          35   -0.3308391536D-03
                                          36   -0.4609330729D-15
                                          37   -0.1273936441D-15
                                          38   -0.1044595701D-02
                                          39    0.1559179482D-15
                                          40    0.2941735543D-15
                                          41   -0.1368309780D-14
                                          42   -0.2733156196D-15
                                          43    0.4161198463D-03
                                          44    0.6456092366D-03
                                          45    0.7609866453D-15
                                          46   -0.3610991394D-15
                                          47    0.6331378384D-16
                                          48    0.6382970992D-16
                                          49   -0.3338582927D-15
                                          50    0.2548949008D-16
                                          51    0.4245691067D-03
                                          52    0.6488062809D-16
                                          53    0.3642373979D-03
                                          54   -0.3959610060D-15
                                          55   -0.3293020655D-15
                                          56    0.7265464883D-04
                                          57   -0.2538953739D-15
                                          58    0.5859617499D-04
                                          59    0.1387423570D-15
                                          60   -0.1538317716D-17
                                          61   -0.3343268414D-15
                                          62    0.5345493723D-16
                                          63    0.7556470707D-04
                                          64    0.2595504726D-15
                                          65   -0.1218395270D-16
                                          66   -0.3595610666D-16
                                          67    0.2625592706D-15
                                          68   -0.2080345760D-03
                                          69    0.1604097737D-15
                                          70    0.4260317349D-03
                                          71    0.1636048940D-03
                                          72    0.2668359183D-15
                                          73   -0.1383254047D-03
                                          74   -0.1656452438D-15
                                          75    0.1657104912D-15
                                          76   -0.9351734997D-16
                                          77   -0.2566392349D-16
                                          78   -0.1529191181D-03
                                          79    0.2479468491D-16
                                          80    0.5810781823D-17
                                          81    0.7107885400D-16
                                          82    0.7990703112D-16
                                          83   -0.8195251453D-04
                                          84    0.7429233077D-16
                                          85   -0.1868726663D-16
                                          86   -0.1140010280D-16
                                          87   -0.6141022205D-16
                                          88    0.7157049026D-16
                                          89   -0.1204961618D-03
                                          90   -0.6568724235D-04
                                          91    0.2540774004D-16
 POLE CONTRIBUTION TO TOTAL ENERGY =    -0.6484680465D+00
 FDA KINETIC ENERGY                =     0.7873835396D-01
 FDA NUCLEAR ATTRACTION ENERGY     =    -0.1424843541D+01
 
 INDEX OF SPIN-ORBITAL:  5
 SPIN-ORBITAL ENERGY = 0.2927210331D-01
 FIRST GUESS = 0.2927210331D-01
   Dyson0 ISpect =     548
 POLE CONTRIBUTION TO TOTAL ENERGY =    -0.8300084260D+00
 FDA KINETIC ENERGY                =     0.9502863197D-01
 FDA NUCLEAR ATTRACTION ENERGY     =    -0.1784317587D+01
 DYSON0 FINISHED
 
 Dimension =  5 eold=   0.02288 enew=   0.02288 detest= 0.18D-05
 CONVERGED POLE  1 =    0.0228820060 a.u. =    0.623 eV
 POLE STRENGTH  =       0.9922752719
 FEYNMAN-DYSON AMPLITUDES IN M.O. BASIS: 
                                           1   -0.2814935791D-02
                                           2   -0.2290323993D-13
                                           3    0.5847014445D-03
                                           4   -0.2652454790D-13
                                           5    0.9975924331D+00
                                           6    0.4308331628D-14
                                           7   -0.4545318134D-01
                                           8   -0.2320494026D-13
                                           9   -0.4909722598D-01
                                          10   -0.8763104572D-14
                                          11   -0.2611861986D-14
                                          12    0.1528048699D-02
                                          13    0.1288646623D-15
                                          14    0.1409566720D-13
                                          15   -0.1191894850D-03
                                          16   -0.4458092838D-14
                                          17    0.1715839092D-01
                                          18    0.1493492220D-13
                                          19    0.1150096977D-14
                                          20   -0.4722384608D-03
                                          21   -0.3866732649D-03
                                          22    0.1552425817D-16
                                          23   -0.1505628984D-14
                                          24    0.2460948986D-02
                                          25   -0.4288721724D-14
                                          26    0.1152379560D-03
                                          27    0.2885715470D-15
                                          28   -0.4071851170D-14
                                          29   -0.1940439733D-15
                                          30   -0.1697586883D-14
                                          31   -0.1583306012D-02
                                          32   -0.3904756492D-02
                                          33   -0.5605706995D-14
                                          34    0.4857843026D-14
                                          35   -0.3989100935D-15
                                          36    0.2116761992D-15
                                          37    0.2389918581D-03
                                          38   -0.5445248687D-15
                                          39    0.3043900685D-15
                                          40   -0.5753461284D-03
                                          41    0.6056518330D-15
                                          42   -0.6573377241D-03
                                          43    0.1530687558D-15
                                          44    0.8539462460D-15
                                          45   -0.1111442555D-02
                                          46    0.1018980056D-14
                                          47    0.4269543289D-15
                                          48   -0.1584257747D-04
                                          49    0.8331414950D-03
                                          50   -0.6358123955D-15
                                          51    0.3331292928D-15
                                          52   -0.4926456831D-03
                                          53    0.2201470458D-15
                                          54    0.7133659716D-15
                                          55    0.4831755444D-03
                                          56    0.2574227277D-15
                                          57   -0.1100042673D-15
                                          58    0.1707266318D-16
                                          59   -0.3318852747D-04
                                          60   -0.3120009483D-17
                                          61    0.1094068390D-14
                                          62   -0.2260663856D-05
                                          63    0.2333928700D-16
                                          64    0.9883244227D-16
                                          65   -0.6331496314D-04
                                          66    0.1709523597D-15
                                          67   -0.5597686964D-15
                                          68   -0.1376866112D-15
                                          69   -0.3036111753D-03
                                          70    0.1362443152D-15
                                          71   -0.1901614191D-16
                                          72   -0.3877896502D-16
                                          73   -0.3135826983D-16
                                          74    0.4318516837D-03
                                          75   -0.1452328989D-15
                                          76    0.6920569190D-04
                                          77   -0.1543077221D-03
                                          78   -0.1104082633D-15
                                          79    0.7950970819D-16
                                          80    0.2354885831D-04
                                          81   -0.4584362317D-16
                                          82   -0.3002568608D-15
                                          83   -0.1099713418D-15
                                          84    0.8854214521D-16
                                          85    0.1375644999D-03
                                          86    0.4702712644D-18
                                          87    0.3807555012D-04
                                          88   -0.1171757565D-03
                                          89   -0.5026391968D-16
                                          90    0.1913141832D-16
                                          91   -0.1166505447D-03
 POLE CONTRIBUTION TO TOTAL ENERGY =    -0.8814955724D+00
 FDA KINETIC ENERGY                =     0.1231361815D+00
 FDA NUCLEAR ATTRACTION ENERGY     =    -0.1922733979D+01
 
 INDEX OF SPIN-ORBITAL:  4
 SPIN-ORBITAL ENERGY = -.5132184881D+00
 FIRST GUESS = -.5132184881D+00
   Dyson0 ISpect =     548
 POLE CONTRIBUTION TO TOTAL ENERGY =    -0.3745168318D+01
 FDA KINETIC ENERGY                =     0.2220010239D+01
 FDA NUCLEAR ATTRACTION ENERGY     =    -0.9197128386D+01
 DYSON0 FINISHED
 Dimension =  6 eold=  -0.46447 enew=  -0.46447 detest= 0.12D-05
 CONVERGED POLE  1 =   -0.4644725572 a.u. =  -12.639 eV
 POLE STRENGTH  =       0.9147787405
 FEYNMAN-DYSON AMPLITUDES IN M.O. BASIS: 
                                           1    0.2635405376D-13
                                           2    0.1004828773D-13
                                           3    0.4884081408D-12
                                           4    0.9996677838D+00
                                           5    0.4948558048D-13
                                           6   -0.7441840034D-14
                                           7    0.5248121293D-13
                                           8    0.1063780640D-01
                                           9    0.3984461569D-13
                                          10    0.6622588231D-13
                                          11    0.3636549177D-15
                                          12    0.1619829005D-13
                                          13    0.2299962789D-13
                                          14   -0.9712261343D-02
                                          15    0.7269851296D-13
                                          16    0.2629654133D-13
                                          17    0.1152052689D-12
                                          18    0.1110014847D-12
                                          19    0.6875762889D-13
                                          20    0.2739087815D-13
                                          21    0.4241248461D-13
                                          22   -0.2581339223D-13
                                          23   -0.6625001496D-03
                                          24    0.4112501919D-13
                                          25    0.9020389972D-02
                                          26    0.6653712535D-13
                                          27    0.1646102805D-13
                                          28    0.1212355446D-01
                                          29   -0.1655384432D-13
                                          30    0.3952883369D-14
                                          31   -0.1398631442D-13
                                          32   -0.1145946114D-14
                                          33    0.2656981583D-13
                                          34   -0.1224738273D-01
                                          35    0.1592770601D-14
                                          36    0.5060153781D-14
                                          37    0.3044047658D-14
                                          38    0.1158751230D-13
                                          39    0.1726638445D-13
                                          40   -0.4425304838D-14
                                          41   -0.5555220061D-02
                                          42    0.4235348676D-14
                                          43   -0.4167549247D-15
                                          44    0.6123858390D-15
                                          45   -0.3361858595D-14
                                          46   -0.4228393295D-03
                                          47   -0.5691723121D-14
                                          48   -0.1873348742D-14
                                          49   -0.3715066980D-14
                                          50    0.3645734337D-03
                                          51   -0.2393802714D-15
                                          52   -0.5100004183D-14
                                          53   -0.4898632930D-14
                                          54   -0.2704356389D-02
                                          55    0.2925938206D-14
                                          56   -0.2741985922D-15
                                          57   -0.4464783303D-14
                                          58   -0.2410200268D-15
                                          59    0.1470999140D-15
                                          60   -0.7158270832D-15
                                          61   -0.5751324637D-02
                                          62   -0.1826354595D-14
                                          63    0.3707153612D-15
                                          64   -0.1998130541D-03
                                          65   -0.1067500630D-14
                                          66   -0.8573807116D-15
                                          67    0.1602882249D-02
                                          68   -0.6999525926D-15
                                          69   -0.6724912150D-14
                                          70   -0.3241539040D-15
                                          71   -0.4211577701D-15
                                          72    0.3002493815D-15
                                          73    0.6507825180D-16
                                          74    0.2078188376D-14
                                          75    0.1947014362D-02
                                          76   -0.1434706769D-14
                                          77   -0.2343880827D-14
                                          78    0.1331766103D-14
                                          79    0.4451433397D-04
                                          80    0.4326014248D-15
                                          81    0.2776087247D-03
                                          82    0.5758533378D-04
                                          83    0.5183754738D-15
                                          84   -0.1266816478D-14
                                          85   -0.3802424444D-14
                                          86   -0.1388272066D-14
                                          87   -0.2443487522D-14
                                          88    0.1925308472D-14
                                          89   -0.3838135848D-16
                                          90   -0.2327551941D-15
                                          91    0.2584009762D-15
 POLE CONTRIBUTION TO TOTAL ENERGY =    -0.3350274718D+01
 FDA KINETIC ENERGY                =     0.2105079525D+01
 FDA NUCLEAR ATTRACTION ENERGY     =    -0.8965383047D+01

 INDEX OF SPIN-ORBITAL:  3
 SPIN-ORBITAL ENERGY = -.5898490716D+00
 FIRST GUESS = -.5898490716D+00
   Dyson0 ISpect =     548
 POLE CONTRIBUTION TO TOTAL ENERGY =    -0.3730150069D+01
 FDA KINETIC ENERGY                =     0.2156386943D+01
 FDA NUCLEAR ATTRACTION ENERGY     =    -0.9026838009D+01
 DYSON0 FINISHED

 Dimension =  6 eold=  -0.54677 enew=  -0.54677 detest= 0.22D-05
 CONVERGED POLE  1 =   -0.5467709274 a.u. =  -14.879 eV
 POLE STRENGTH  =       0.9159812893
 FEYNMAN-DYSON AMPLITUDES IN M.O. BASIS: 
                                           1    0.3911829126D-01
                                           2   -0.4118825409D-12
                                           3    0.9989425056D+00
                                           4    0.1040874578D-11
                                           5    0.2441952428D-02
                                           6    0.4541860989D-14
                                           7   -0.8679332812D-02
                                           8   -0.1480655437D-13
                                           9    0.1817537287D-02
                                          10   -0.1021628813D-13
                                          11    0.1660598370D-13
                                          12   -0.8995404794D-03
                                          13   -0.5992228102D-15
                                          14    0.1102572244D-13
                                          15    0.9680991088D-02
                                          16   -0.1394477377D-13
                                          17    0.6550552757D-02
                                          18   -0.3954810632D-13
                                          19    0.1556255632D-13
                                          20    0.2466096805D-02
                                          21   -0.6918399756D-03
                                          22   -0.1761155743D-15
                                          23    0.9226720057D-15
                                          24   -0.4795118702D-03
                                          25   -0.8289866123D-14
                                          26   -0.1434978218D-01
                                          27   -0.4969688522D-14
                                          28   -0.2958916504D-13
                                          29    0.2658496729D-15
                                          30   -0.8359933550D-14
                                          31   -0.4567088433D-02
                                          32   -0.2370534273D-02
                                          33   -0.7208776224D-14
                                          34    0.1500564412D-13
                                          35    0.1270231266D-14
                                          36    0.4654089359D-14
                                          37   -0.4711336172D-02
                                          38   -0.2652550670D-13
                                          39   -0.3595573856D-14
                                          40   -0.1406119656D-02
                                          41    0.3550468731D-13
                                          42    0.6930544988D-02
                                          43   -0.8431997238D-14
                                          44    0.2500641890D-14
                                          45    0.4228681967D-03
                                          46   -0.1287576879D-13
                                          47    0.1597068318D-14
                                          48    0.3179976221D-02
                                          49    0.4120587118D-02
                                          50    0.1600768771D-14
                                          51    0.6789608184D-15
                                          52    0.2459154399D-02
                                          53   -0.7468060915D-14
                                          54    0.5007387698D-14
                                          55    0.2286300668D-03
                                          56   -0.6350522985D-15
                                          57   -0.3742219326D-14
                                          58    0.9547284872D-15
                                          59    0.1859252681D-02
                                          60   -0.2222721897D-15
                                          61    0.2572964237D-14
                                          62   -0.3956739628D-03
                                          63    0.1025475507D-14
                                          64    0.3611771662D-15
                                          65   -0.9552211371D-03
                                          66    0.2497084407D-14
                                          67   -0.4451887549D-15
                                          68   -0.4701024477D-14
                                          69   -0.2796329529D-02
                                          70    0.2388411801D-14
                                          71    0.3278086792D-14
                                          72    0.1395150574D-14
                                          73    0.7555867603D-15
                                          74   -0.4724366929D-03
                                          75   -0.3007667867D-14
                                          76   -0.9644420761D-03
                                          77   -0.1711853980D-02
                                          78    0.7049107741D-16
                                          79   -0.1050290108D-16
                                          80    0.3028446532D-03
                                          81    0.1718936861D-14
                                          82    0.4931286098D-14
                                          83    0.4558029403D-15
                                          84   -0.5763548248D-15
                                          85    0.1317001759D-03
                                          86    0.3062048783D-15
                                          87   -0.4112679737D-03
                                          88   -0.6720028251D-04
                                          89   -0.2236765519D-14
                                          90   -0.3985563306D-14
                                          91    0.3458659063D-03
 POLE CONTRIBUTION TO TOTAL ENERGY =    -0.3357151178D+01
 FDA KINETIC ENERGY                =     0.2088912919D+01
 FDA NUCLEAR ATTRACTION ENERGY     =    -0.8872316129D+01
 
 INDEX OF SPIN-ORBITAL:  2
 SPIN-ORBITAL ENERGY = -.7242226107D+00
 FIRST GUESS = -.7242226107D+00
   Dyson0 ISpect =     548
 POLE CONTRIBUTION TO TOTAL ENERGY =    -0.3740905281D+01
 FDA KINETIC ENERGY                =     0.1826505338D+01
 FDA NUCLEAR ATTRACTION ENERGY     =    -0.8584093289D+01
 DYSON0 FINISHED
  
 Dimension =  5 eold=  -0.70089 enew=  -0.70088 detest= 0.71D-05
 CONVERGED POLE  1 =   -0.7008794266 a.u. =  -19.072 eV
 POLE STRENGTH  =       0.9271063032
 FEYNMAN-DYSON AMPLITUDES IN M.O. BASIS: 
                                           1    0.5274987978D-13
                                           2    0.9997987126D+00
                                           3    0.5083089747D-12
                                           4   -0.1984014032D-13
                                           5    0.2730778655D-13
                                           6   -0.3032504128D-02
                                           7   -0.1776713824D-13
                                           8    0.1720417933D-14
                                           9   -0.2289487331D-13
                                          10    0.7345625942D-02
                                          11    0.4893577928D-02
                                          12    0.1131422685D-13
                                          13    0.8559970830D-15
                                          14   -0.3647427506D-15
                                          15    0.7602212864D-14
                                          16    0.1009373728D-02
                                          17    0.4058258516D-13
                                          18   -0.1189969183D-01
                                          19    0.2758329869D-02
                                          20   -0.1807151422D-13
                                          21   -0.7399966946D-14
                                          22   -0.1389293321D-14
                                          23   -0.1714661608D-15
                                          24    0.2106994787D-13
                                          25    0.6954984235D-15
                                          26   -0.9604351825D-15
                                          27   -0.2586311921D-02
                                          28   -0.1459127025D-13
                                          29    0.1868343843D-14
                                          30    0.4590139456D-02
                                          31   -0.1863634738D-13
                                          32   -0.5754151181D-13
                                          33    0.8611262952D-02
                                          34    0.3356928727D-14
                                          35    0.1550276622D-02
                                          36    0.6469403026D-15
                                          37    0.8753633492D-14
                                          38    0.4131613251D-02
                                          39   -0.3943616003D-14
                                          40    0.3013080898D-14
                                          41   -0.6542954765D-14
                                          42    0.3249642390D-14
                                          43   -0.2190582218D-02
                                          44   -0.3776165496D-02
                                          45   -0.8698310887D-14
                                          46   -0.1668385621D-14
                                          47    0.4556084762D-15
                                          48   -0.2618759610D-14
                                          49    0.7710696254D-14
                                          50   -0.3791835870D-16
                                          51   -0.3276271949D-02
                                          52   -0.7011078471D-15
                                          53   -0.2990787052D-02
                                          54   -0.2063023414D-14
                                          55    0.3448306244D-14
                                          56   -0.5978763261D-03
                                          57    0.2500030914D-14
                                          58    0.5178160984D-03
                                          59    0.2444605946D-14
                                          60   -0.5153343556D-15
                                          61   -0.4882618264D-15
                                          62    0.2909296784D-15
                                          63   -0.2259515336D-03
                                          64    0.8789077747D-15
                                          65    0.1068572056D-15
                                          66    0.1187571142D-15
                                          67   -0.4110864777D-16
                                          68    0.8901624832D-03
                                          69   -0.9616867738D-15
                                          70   -0.1469435250D-02
                                          71    0.4631429290D-06
                                          72    0.4042570056D-14
                                          73    0.7234187418D-03
                                          74    0.6592480591D-15
                                          75   -0.5939547148D-15
                                          76    0.1603794429D-15
                                          77   -0.8609203795D-15
                                          78    0.7841871833D-03
                                          79    0.3280350508D-15
                                          80    0.6741825113D-17
                                          81    0.5862911481D-15
                                          82    0.5294594874D-16
                                          83    0.4150368438D-03
                                          84    0.1216724398D-14
                                          85    0.2596491870D-15
                                          86   -0.1491307191D-14
                                          87    0.1877778486D-14
                                          88   -0.1411507455D-14
                                          89    0.3754124869D-03
                                          90    0.2366184460D-04
                                          91    0.2537807539D-15
 POLE CONTRIBUTION TO TOTAL ENERGY =    -0.3417860063D+01
 FDA KINETIC ENERGY                =     0.1754320639D+01
 FDA NUCLEAR ATTRACTION ENERGY     =    -0.8426619565D+01

 IT MATTERS NOT HOW DEEP YOU PLOW,
 BUT HOW LONG YOU STAY IN THE FURROW.
 Job cpu time:       0 days  0 hours  3 minutes  0.8 seconds.
 Elapsed time:       0 days  0 hours  0 minutes 45.6 seconds.
 File lengths (MBytes):  RWF=   1570 Int=      0 D2E=      0 Chk=      9 Scr=      1
 Normal termination of Gaussian
